2019-04-03 17:09:10,337 [Worker-1] INFO  c.g.t.t.d.PublishedGradleVersions - Gradle version information cache is up-to-date. Trying to read.
2019-04-03 17:09:43,188 [Worker-12] INFO  o.e.m.c.i.l.LifecycleMappingFactory - Using org.eclipse.m2e.jdt.JarLifecycleMapping lifecycle mapping for MavenProject: com.qualitypointtest:QualitypointTest:0.0.1-SNAPSHOT @ D:\JAVA Projects\SeleniumProject\QualitypointTest\pom.xml.
2019-04-03 17:09:43,188 [Worker-2] INFO  o.e.m.c.i.l.LifecycleMappingFactory - Using org.eclipse.m2e.jdt.JarLifecycleMapping lifecycle mapping for MavenProject: com.qualitypointtest:QualitypointTest:0.0.1-SNAPSHOT @ D:\JAVA Projects\SeleniumProject\QualitypointTest\pom.xml.
2019-04-03 17:09:44,693 [Worker-2] INFO  o.e.m.c.i.embedder.EclipseLogger - Using 'UTF-8' encoding to copy filtered resources.
2019-04-03 17:09:44,693 [Worker-2] INFO  o.e.m.c.i.embedder.EclipseLogger - skip non existing resourceDirectory D:\JAVA Projects\SeleniumProject\QualitypointTest\src\main\resources
2019-04-03 17:09:44,693 [Worker-2] INFO  o.e.m.c.i.embedder.EclipseLogger - Using 'UTF-8' encoding to copy filtered resources.
2019-04-03 17:09:44,693 [Worker-2] INFO  o.e.m.c.i.embedder.EclipseLogger - skip non existing resourceDirectory D:\JAVA Projects\SeleniumProject\QualitypointTest\src\test\resources
2019-04-03 17:09:46,197 [Worker-17] INFO  o.e.m.c.i.l.LifecycleMappingFactory - Using org.eclipse.m2e.jdt.JarLifecycleMapping lifecycle mapping for MavenProject: com.qualitypointtest:QualitypointTest:0.0.1-SNAPSHOT @ D:\JAVA Projects\SeleniumProject\QualitypointTest\pom.xml.
2019-04-03 17:09:46,307 [Worker-12] INFO  o.e.m.c.i.embedder.EclipseLogger - Using 'UTF-8' encoding to copy filtered resources.
2019-04-03 17:09:46,307 [Worker-12] INFO  o.e.m.c.i.embedder.EclipseLogger - skip non existing resourceDirectory D:\JAVA Projects\SeleniumProject\QualitypointTest\src\main\resources
2019-04-03 17:09:46,327 [Worker-12] INFO  o.e.m.c.i.embedder.EclipseLogger - Using 'UTF-8' encoding to copy filtered resources.
2019-04-03 17:09:46,327 [Worker-12] INFO  o.e.m.c.i.embedder.EclipseLogger - skip non existing resourceDirectory D:\JAVA Projects\SeleniumProject\QualitypointTest\src\test\resources
2019-04-03 17:09:47,556 [Worker-19] INFO  o.e.m.c.i.embedder.EclipseLogger - Using 'UTF-8' encoding to copy filtered resources.
2019-04-03 17:09:47,556 [Worker-19] INFO  o.e.m.c.i.embedder.EclipseLogger - skip non existing resourceDirectory D:\JAVA Projects\SeleniumProject\QualitypointTest\src\main\resources
2019-04-03 17:09:47,556 [Worker-19] INFO  o.e.m.c.i.embedder.EclipseLogger - Using 'UTF-8' encoding to copy filtered resources.
2019-04-03 17:09:47,556 [Worker-19] INFO  o.e.m.c.i.embedder.EclipseLogger - skip non existing resourceDirectory D:\JAVA Projects\SeleniumProject\QualitypointTest\src\test\resources
2019-04-03 17:15:41,399 [Worker-20] INFO  o.e.m.c.i.embedder.EclipseLogger - Using 'UTF-8' encoding to copy filtered resources.
2019-04-03 17:15:41,399 [Worker-20] INFO  o.e.m.c.i.embedder.EclipseLogger - skip non existing resourceDirectory D:\JAVA Projects\SeleniumProject\QualitypointTest\src\main\resources
2019-04-03 17:15:41,399 [Worker-20] INFO  o.e.m.c.i.embedder.EclipseLogger - Using 'UTF-8' encoding to copy filtered resources.
2019-04-03 17:15:41,399 [Worker-20] INFO  o.e.m.c.i.embedder.EclipseLogger - skip non existing resourceDirectory D:\JAVA Projects\SeleniumProject\QualitypointTest\src\test\resources
2019-04-03 17:15:42,415 [Worker-5] INFO  o.e.m.c.i.embedder.EclipseLogger - Using 'UTF-8' encoding to copy filtered resources.
2019-04-03 17:15:42,415 [Worker-5] INFO  o.e.m.c.i.embedder.EclipseLogger - skip non existing resourceDirectory D:\JAVA Projects\SeleniumProject\QualitypointTest\src\main\resources
2019-04-03 17:15:42,415 [Worker-5] INFO  o.e.m.c.i.embedder.EclipseLogger - Using 'UTF-8' encoding to copy filtered resources.
2019-04-03 17:15:42,415 [Worker-5] INFO  o.e.m.c.i.embedder.EclipseLogger - skip non existing resourceDirectory D:\JAVA Projects\SeleniumProject\QualitypointTest\src\test\resources
2019-04-03 17:16:05,411 [Worker-5] INFO  o.e.m.c.i.embedder.EclipseLogger - Using 'UTF-8' encoding to copy filtered resources.
2019-04-03 17:16:05,411 [Worker-5] INFO  o.e.m.c.i.embedder.EclipseLogger - skip non existing resourceDirectory D:\JAVA Projects\SeleniumProject\QualitypointTest\src\main\resources
2019-04-03 17:16:05,411 [Worker-5] INFO  o.e.m.c.i.embedder.EclipseLogger - Using 'UTF-8' encoding to copy filtered resources.
2019-04-03 17:16:05,417 [Worker-5] INFO  o.e.m.c.i.embedder.EclipseLogger - skip non existing resourceDirectory D:\JAVA Projects\SeleniumProject\QualitypointTest\src\test\resources
2019-04-03 17:16:06,467 [Worker-5] INFO  o.e.m.c.i.embedder.EclipseLogger - Using 'UTF-8' encoding to copy filtered resources.
2019-04-03 17:16:06,467 [Worker-5] INFO  o.e.m.c.i.embedder.EclipseLogger - skip non existing resourceDirectory D:\JAVA Projects\SeleniumProject\QualitypointTest\src\main\resources
2019-04-03 17:16:06,467 [Worker-5] INFO  o.e.m.c.i.embedder.EclipseLogger - Using 'UTF-8' encoding to copy filtered resources.
2019-04-03 17:16:06,467 [Worker-5] INFO  o.e.m.c.i.embedder.EclipseLogger - skip non existing resourceDirectory D:\JAVA Projects\SeleniumProject\QualitypointTest\src\test\resources
